<?xml version="1.0" encoding="UTF-8"?>
<!-- Generated by org.testng.reporters.JUnitReportReporter -->
<testsuite hostname="LAPTOP-93O6TQOR" failures="0" tests="1" name="TestNgpractice.TestNgpractice.NewTest" time="0.008" errors="0" timestamp="08 Sep 2022 15:57:11 GMT" skipped="0">
  <testcase classname="TestNgpractice.TestNgpractice.NewTest" name="TestA" time="0.008"/>
</testsuite> <!-- TestNgpractice.TestNgpractice.NewTest -->
