<?xml version="1.0" encoding="UTF-8"?>
<!-- Generated by org.testng.reporters.JUnitReportReporter -->
<testsuite hostname="LAPTOP-93O6TQOR" failures="0" tests="1" name="TestNgpractice.TestNgpractice.AppTest" time="0.007" errors="0" timestamp="08 Sep 2022 15:46:19 GMT" skipped="0">
  <testcase classname="TestNgpractice.TestNgpractice.AppTest" name="shouldAnswerWithTrue" time="0.007"/>
</testsuite> <!-- TestNgpractice.TestNgpractice.AppTest -->
